<?xml version="1.0" encoding="UTF-8"?>
<!-- Generated by org.testng.reporters.JUnitXMLReporter -->
<testsuite ignored="0" hostname="DESKTOP-4KAVAUD" failures="0" tests="3" name="Default test" time="16.169" errors="0" timestamp="07 May 2021 18:05:35 GMT">
  <testcase classname="com.qa.crm.tests.HomePageTest" name="getHomePageTitleTest" time="0.043"/>
  <testcase classname="com.qa.crm.tests.HomePageTest" name="homeMenuItemUserTest" time="1.93"/>
  <testcase classname="com.qa.crm.tests.HomePageTest" name="logOutClickTest" time="0.766"/>
</testsuite> <!-- Default test -->
