<?xml version="1.0" encoding="UTF-8"?>
<!-- Generated by org.testng.reporters.JUnitXMLReporter -->
<testsuite ignored="0" hostname="DESKTOP-4KAVAUD" failures="0" tests="3" name="Default test" time="13.716" errors="0" timestamp="02 May 2021 20:23:08 GMT">
  <testcase classname="com.qa.crm.tests.HomePageTest" name="verifyHomePageTitleTest" time="0.023"/>
  <testcase classname="com.qa.crm.tests.HomePageTest" name="verifyLoginLinkDisplayedTest" time="2.965"/>
  <testcase classname="com.qa.crm.tests.HomePageTest" name="clickLoginBtnTest" time="1.611"/>
</testsuite> <!-- Default test -->
