<?xml version="1.0" encoding="UTF-8"?>
<testng-results ignored="0" total="2" passed="2" failed="0" skipped="0">
  <reporter-output>
  </reporter-output>
  <suite started-at="2021-05-04T01:32:24Z" name="Default suite" finished-at="2021-05-04T01:32:44Z" duration-ms="19996">
    <groups>
    </groups>
    <test started-at="2021-05-04T01:32:24Z" name="Default test" finished-at="2021-05-04T01:32:44Z" duration-ms="19996">
      <class name="com.qa.crm.tests.LoginPageTest">
        <test-method is-config="true" signature="setUp()[pri:0, instance:com.qa.crm.tests.LoginPageTest@1ef6d34c]" started-at="2021-05-04T01:32:24Z" name="setUp" finished-at="2021-05-04T01:32:32Z" duration-ms="8332" status="PASS">
          <reporter-output>
          </reporter-output>
        </test-method> <!-- setUp -->
        <test-method signature="getLoginPageTitleTest()[pri:1, instance:com.qa.crm.tests.LoginPageTest@1ef6d34c]" started-at="2021-05-04T01:32:32Z" name="getLoginPageTitleTest" finished-at="2021-05-04T01:32:32Z" duration-ms="27" status="PASS">
          <reporter-output>
          </reporter-output>
        </test-method> <!-- getLoginPageTitleTest -->
        <test-method signature="getLogin()[pri:2, instance:com.qa.crm.tests.LoginPageTest@1ef6d34c]" started-at="2021-05-04T01:32:32Z" name="getLogin" finished-at="2021-05-04T01:32:44Z" duration-ms="11600" status="PASS">
          <reporter-output>
          </reporter-output>
        </test-method> <!-- getLogin -->
      </class> <!-- com.qa.crm.tests.LoginPageTest -->
    </test> <!-- Default test -->
  </suite> <!-- Default suite -->
</testng-results>
